# JRE version: Java(TM) SE Runtime Environment 18.9 (11.0.12+8) (build 11.0.12+8-LTS-237)
# Java VM: Java HotSpot(TM) 64-Bit Server VM 18.9 (11.0.12+8-LTS-237, mixed mode, tiered, compressed oops, g1 gc, windows-amd64)
Heap:
 garbage-first heap   total 157696K, used 19740K [0x0000000081e00000, 0x0000000100000000)
  region size 1024K, 6 young (6144K), 6 survivors (6144K)
 Metaspace       used 55352K, capacity 56734K, committed 56792K, reserved 1097728K
  class space    used 7367K, capacity 7925K, committed 7936K, reserved 1048576K
GC Heap History (10 events):
Event: 2.009 GC heap after
{Heap after GC invocations=3 (full 0):
 garbage-first heap   total 131072K, used 8645K [0x0000000081e00000, 0x0000000100000000)
  region size 1024K, 3 young (3072K), 3 survivors (3072K)
 Metaspace       used 20453K, capacity 21150K, committed 21248K, reserved 1067008K
  class space    used 2451K, capacity 2748K, committed 2816K, reserved 1048576K
}
Event: 2.293 GC heap before
{Heap before GC invocations=4 (full 0):
 garbage-first heap   total 131072K, used 71109K [0x0000000081e00000, 0x0000000100000000)
  region size 1024K, 65 young (66560K), 3 survivors (3072K)
 Metaspace       used 26036K, capacity 26870K, committed 27136K, reserved 1073152K
  class space    used 3153K, capacity 3490K, committed 3584K, reserved 1048576K
}
Event: 2.299 GC heap after
{Heap after GC invocations=5 (full 0):
 garbage-first heap   total 131072K, used 9997K [0x0000000081e00000, 0x0000000100000000)
  region size 1024K, 4 young (4096K), 4 survivors (4096K)
 Metaspace       used 26036K, capacity 26870K, committed 27136K, reserved 1073152K
  class space    used 3153K, capacity 3490K, committed 3584K, reserved 1048576K
}
Event: 3.373 GC heap before
{Heap before GC invocations=6 (full 0):
 garbage-first heap   total 131072K, used 83725K [0x0000000081e00000, 0x0000000100000000)
  region size 1024K, 76 young (77824K), 4 survivors (4096K)
 Metaspace       used 34024K, capacity 35258K, committed 35584K, reserved 1079296K
  class space    used 4272K, capacity 4762K, committed 4864K, reserved 1048576K
}
Event: 3.386 GC heap after
{Heap after GC invocations=7 (full 0):
 garbage-first heap   total 131072K, used 13976K [0x0000000081e00000, 0x0000000100000000)
  region size 1024K, 8 young (8192K), 8 survivors (8192K)
 Metaspace       used 34024K, capacity 35258K, committed 35584K, reserved 1079296K
  class space    used 4272K, capacity 4762K, committed 4864K, reserved 1048576K
}
Event: 3.872 GC heap before
{Heap before GC invocations=7 (full 0):
 garbage-first heap   total 131072K, used 82584K [0x0000000081e00000, 0x0000000100000000)
  region size 1024K, 76 young (77824K), 8 survivors (8192K)
 Metaspace       used 39134K, capacity 40379K, committed 40448K, reserved 1085440K
  class space    used 4841K, capacity 5340K, committed 5376K, reserved 1048576K
}
Event: 3.883 GC heap after
{Heap after GC invocations=8 (full 0):
 garbage-first heap   total 131072K, used 16096K [0x0000000081e00000, 0x0000000100000000)
  region size 1024K, 7 young (7168K), 7 survivors (7168K)
 Metaspace       used 39134K, capacity 40379K, committed 40448K, reserved 1085440K
  class space    used 4841K, capacity 5340K, committed 5376K, reserved 1048576K
}
Event: 4.334 GC heap before
{Heap before GC invocations=8 (full 0):
 garbage-first heap   total 131072K, used 46816K [0x0000000081e00000, 0x0000000100000000)
  region size 1024K, 38 young (38912K), 7 survivors (7168K)
 Metaspace       used 44327K, capacity 45565K, committed 45656K, reserved 1089536K
  class space    used 5698K, capacity 6233K, committed 6272K, reserved 1048576K
}
Event: 4.343 GC heap after
{Heap after GC invocations=9 (full 0):
 garbage-first heap   total 131072K, used 17383K [0x0000000081e00000, 0x0000000100000000)
  region size 1024K, 4 young (4096K), 4 survivors (4096K)
 Metaspace       used 44327K, capacity 45565K, committed 45656K, reserved 1089536K
  class space    used 5698K, capacity 6233K, committed 6272K, reserved 1048576K
}
Event: 5.464 GC heap before
{Heap before GC invocations=10 (full 0):
 garbage-first heap   total 131072K, used 91111K [0x0000000081e00000, 0x0000000100000000)
  region size 1024K, 76 young (77824K), 4 survivors (4096K)
 Metaspace       used 55352K, capacity 56734K, committed 56792K, reserved 1097728K
  class space    used 7367K, capacity 7925K, committed 7936K, reserved 1048576K
}

