# JRE version: Java(TM) SE Runtime Environment 18.9 (11.0.12+8) (build 11.0.12+8-LTS-237)
# Java VM: Java HotSpot(TM) 64-Bit Server VM 18.9 (11.0.12+8-LTS-237, mixed mode, tiered, compressed oops, g1 gc, windows-amd64)
Heap:
 garbage-first heap   total 157696K, used 14564K [0x0000000081e00000, 0x0000000100000000)
  region size 1024K, 5 young (5120K), 5 survivors (5120K)
 Metaspace       used 34610K, capacity 35819K, committed 35840K, reserved 1081344K
  class space    used 4330K, capacity 4861K, committed 4864K, reserved 1048576K
GC Heap History (10 events):
Event: 1.650 GC heap after
{Heap after GC invocations=2 (full 0):
 garbage-first heap   total 131072K, used 7460K [0x0000000081e00000, 0x0000000100000000)
  region size 1024K, 2 young (2048K), 2 survivors (2048K)
 Metaspace       used 15481K, capacity 16014K, committed 16256K, reserved 1062912K
  class space    used 1692K, capacity 1869K, committed 1920K, reserved 1048576K
}
Event: 2.000 GC heap before
{Heap before GC invocations=2 (full 0):
 garbage-first heap   total 131072K, used 31012K [0x0000000081e00000, 0x0000000100000000)
  region size 1024K, 26 young (26624K), 2 survivors (2048K)
 Metaspace       used 20400K, capacity 21167K, committed 21248K, reserved 1067008K
  class space    used 2435K, capacity 2752K, committed 2816K, reserved 1048576K
}
Event: 2.005 GC heap after
{Heap after GC invocations=3 (full 0):
 garbage-first heap   total 131072K, used 8977K [0x0000000081e00000, 0x0000000100000000)
  region size 1024K, 3 young (3072K), 3 survivors (3072K)
 Metaspace       used 20400K, capacity 21167K, committed 21248K, reserved 1067008K
  class space    used 2435K, capacity 2752K, committed 2816K, reserved 1048576K
}
Event: 2.286 GC heap before
{Heap before GC invocations=4 (full 0):
 garbage-first heap   total 131072K, used 47889K [0x0000000081e00000, 0x0000000100000000)
  region size 1024K, 42 young (43008K), 3 survivors (3072K)
 Metaspace       used 26073K, capacity 26919K, committed 27136K, reserved 1073152K
  class space    used 3152K, capacity 3461K, committed 3584K, reserved 1048576K
}
Event: 2.293 GC heap after
{Heap after GC invocations=5 (full 0):
 garbage-first heap   total 131072K, used 10085K [0x0000000081e00000, 0x0000000100000000)
  region size 1024K, 4 young (4096K), 4 survivors (4096K)
 Metaspace       used 26073K, capacity 26919K, committed 27136K, reserved 1073152K
  class space    used 3152K, capacity 3461K, committed 3584K, reserved 1048576K
}
Event: 2.716 GC heap before
{Heap before GC invocations=5 (full 0):
 garbage-first heap   total 131072K, used 65381K [0x0000000081e00000, 0x0000000100000000)
  region size 1024K, 59 young (60416K), 4 survivors (4096K)
 Metaspace       used 28628K, capacity 29698K, committed 29824K, reserved 1075200K
  class space    used 3514K, capacity 3956K, committed 3968K, reserved 1048576K
}
Event: 2.724 GC heap after
{Heap after GC invocations=6 (full 0):
 garbage-first heap   total 131072K, used 11825K [0x0000000081e00000, 0x0000000100000000)
  region size 1024K, 6 young (6144K), 6 survivors (6144K)
 Metaspace       used 28628K, capacity 29698K, committed 29824K, reserved 1075200K
  class space    used 3514K, capacity 3956K, committed 3968K, reserved 1048576K
}
Event: 3.416 GC heap before
{Heap before GC invocations=6 (full 0):
 garbage-first heap   total 131072K, used 82481K [0x0000000081e00000, 0x0000000100000000)
  region size 1024K, 76 young (77824K), 6 survivors (6144K)
 Metaspace       used 34292K, capacity 35493K, committed 35584K, reserved 1079296K
  class space    used 4294K, capacity 4795K, committed 4864K, reserved 1048576K
}
Event: 3.431 GC heap after
{Heap after GC invocations=7 (full 0):
 garbage-first heap   total 131072K, used 14444K [0x0000000081e00000, 0x0000000100000000)
  region size 1024K, 7 young (7168K), 7 survivors (7168K)
 Metaspace       used 34292K, capacity 35493K, committed 35584K, reserved 1079296K
  class space    used 4294K, capacity 4795K, committed 4864K, reserved 1048576K
}
Event: 3.493 GC heap before
{Heap before GC invocations=7 (full 0):
 garbage-first heap   total 131072K, used 25708K [0x0000000081e00000, 0x0000000100000000)
  region size 1024K, 20 young (20480K), 7 survivors (7168K)
 Metaspace       used 34610K, capacity 35819K, committed 35840K, reserved 1081344K
  class space    used 4330K, capacity 4861K, committed 4864K, reserved 1048576K
}

